----------------------------- REMOTE BUILD OUTPUT ------------------------------
starting build "ff796e6e-8d35-4420-aad2-bba6d0f3f6e9"
FETCHSOURCE
Fetching storage object: gs://election-assistant-2026_cloudbuild/source/1777559692.294027-c214b1ab5f1646f9b7035611f6fed0e3.tgz#1777559696374601
Copying gs://election-assistant-2026_cloudbuild/source/1777559692.294027-c214b1ab5f1646f9b7035611f6fed0e3.tgz#1777559696374601...
/ [0 files][    0.0 B/  2.0 MiB]                                                / [1 files][  2.0 MiB/  2.0 MiB]
Operation completed over 1 objects/2.0 MiB.
BUILD
Starting Step #0
Step #0: Already have image (with digest): gcr.io/cloud-builders/gcloud
Finished Step #0
Starting Step #1
Step #1: Pulling image: ghcr.io/cirruslabs/flutter:stable
Step #1: stable: Pulling from cirruslabs/flutter
Step #1: 20043066d3d5: Pulling fs layer
Step #1: debb49cb0d5e: Pulling fs layer
Step #1: 3c191bc08c7d: Pulling fs layer
Step #1: 821ff31b6cb4: Pulling fs layer
Step #1: 013af8743dba: Pulling fs layer
Step #1: 47aed9251477: Pulling fs layer
Step #1: a30d8ae8d961: Pulling fs layer
Step #1: a30d8ae8d961: Waiting
Step #1: 20043066d3d5: Verifying Checksum
Step #1: 20043066d3d5: Download complete
Step #1: 013af8743dba: Verifying Checksum
Step #1: 013af8743dba: Download complete
Step #1: 821ff31b6cb4: Verifying Checksum
Step #1: 821ff31b6cb4: Download complete
Step #1: 47aed9251477: Verifying Checksum
Step #1: 47aed9251477: Download complete
Step #1: 3c191bc08c7d: Verifying Checksum
Step #1: 3c191bc08c7d: Download complete
Step #1: 20043066d3d5: Pull complete
Step #1: debb49cb0d5e: Verifying Checksum
Step #1: debb49cb0d5e: Download complete
Step #1: a30d8ae8d961: Verifying Checksum
Step #1: a30d8ae8d961: Download complete
Step #1: debb49cb0d5e: Pull complete
Step #1: 3c191bc08c7d: Pull complete
Step #1: 821ff31b6cb4: Pull complete
Step #1: 013af8743dba: Pull complete
Step #1: 47aed9251477: Pull complete
Step #1: a30d8ae8d961: Pull complete
Step #1: Digest: sha256:4bcbd43696d01ee0e3123a223fddaa5fef11a9336c62853d2290d5048ae68baf
Step #1: Status: Downloaded newer image for ghcr.io/cirruslabs/flutter:stable
Step #1: ghcr.io/cirruslabs/flutter:stable
Step #1: Downloading Web SDK...                                           2,960ms
Step #1: Resolving dependencies...
Step #1: Downloading packages...
Step #1: + async 2.13.1
Step #1: + boolean_selector 2.1.2
Step #1: + characters 1.4.1
Step #1: + clock 1.1.2
Step #1: + collection 1.19.1
Step #1: + crypto 3.0.7
Step #1: + csslib 1.0.2
Step #1: + cupertino_icons 1.0.9
Step #1: + fake_async 1.3.3
Step #1: + ffi 2.2.0
Step #1: + file 7.0.1
Step #1: + fixnum 1.1.1
Step #1: + flutter 0.0.0 from sdk flutter
Step #1: + flutter_lints 5.0.0 (6.0.0 available)
Step #1: + flutter_plugin_android_lifecycle 2.0.34
Step #1: + flutter_riverpod 2.6.1 (3.3.1 available)
Step #1: + flutter_test 0.0.0 from sdk flutter
Step #1: + flutter_web_plugins 0.0.0 from sdk flutter
Step #1: + go_router 14.8.1 (17.2.2 available)
Step #1: + google_identity_services_web 0.3.3+1
Step #1: + google_maps 8.2.0
Step #1: + google_maps_flutter 2.17.0
Step #1: + google_maps_flutter_android 2.19.8
Step #1: + google_maps_flutter_ios 2.18.1
Step #1: + google_maps_flutter_platform_interface 2.15.0
Step #1: + google_maps_flutter_web 0.6.2
Step #1: + google_sign_in 6.3.0 (7.2.0 available)
Step #1: + google_sign_in_android 6.2.1 (7.2.10 available)
Step #1: + google_sign_in_ios 5.9.0 (6.3.0 available)
Step #1: + google_sign_in_platform_interface 2.5.0 (3.1.0 available)
Step #1: + google_sign_in_web 0.12.4+4 (1.1.3 available)
Step #1: + html 0.15.6
Step #1: + http 1.6.0
Step #1: + http_parser 4.1.2
Step #1: + intl 0.19.0 (0.20.2 available)
Step #1: + leak_tracker 11.0.2
Step #1: + leak_tracker_flutter_testing 3.0.10
Step #1: + leak_tracker_testing 3.0.2
Step #1: + lints 5.1.1 (6.1.0 available)
Step #1: + logging 1.3.0
Step #1: + matcher 0.12.19 (0.12.20 available)
Step #1: + material_color_utilities 0.13.0
Step #1: + meta 1.17.0 (1.18.2 available)
Step #1: + path 1.9.1
Step #1: + path_provider_linux 2.2.1
Step #1: + path_provider_platform_interface 2.1.2
Step #1: + path_provider_windows 2.3.0
Step #1: + platform 3.1.6
Step #1: + plugin_platform_interface 2.1.8
Step #1: + pointer_interceptor 0.10.1+2
Step #1: + pointer_interceptor_ios 0.10.1+1
Step #1: + pointer_interceptor_platform_interface 0.10.0+1
Step #1: + pointer_interceptor_web 0.10.3
Step #1: + riverpod 2.6.1 (3.2.1 available)
Step #1: + sanitize_html 2.1.0
Step #1: + shared_preferences 2.5.5
Step #1: + shared_preferences_android 2.4.23
Step #1: + shared_preferences_foundation 2.5.6
Step #1: + shared_preferences_linux 2.4.1
Step #1: + shared_preferences_platform_interface 2.4.2
Step #1: + shared_preferences_web 2.4.3
Step #1: + shared_preferences_windows 2.4.1
Step #1: + sky_engine 0.0.0 from sdk flutter
Step #1: + source_span 1.10.2
Step #1: + stack_trace 1.12.1
Step #1: + state_notifier 1.0.0
Step #1: + stream_channel 2.1.4
Step #1: + stream_transform 2.1.1
Step #1: + string_scanner 1.4.1
Step #1: + term_glyph 1.2.2
Step #1: + test_api 0.7.10 (0.7.12 available)
Step #1: + typed_data 1.4.0
Step #1: + uuid 4.5.3
Step #1: + vector_math 2.2.0 (2.3.0 available)
Step #1: + vm_service 15.2.0
Step #1: + web 1.1.1
Step #1: + xdg_directories 1.1.0
Step #1: Changed 77 dependencies!
Step #1: 15 packages have newer versions incompatible with dependency constraints.
Step #1: Try `flutter pub outdated` for more information.
Step #1: Compiling lib/main.dart for the Web...
Step #1: Wasm dry run succeeded. Consider building and testing your application with the `--wasm` flag. See docs for more info: https://docs.flutter.dev/platform-integration/web/wasm
Step #1: Use --no-wasm-dry-run to disable these warnings.
Step #1: Target dart2js failed: ProcessException: Process exited abnormally with exit code 1:
Step #1: lib/screens/onboarding_screen.dart:48:21:
Step #1: Error: Can't find ']' to match '['.
Step #1:           children: [
Step #1:                     ^
Step #1: lib/screens/onboarding_screen.dart:44:20:
Step #1: Error: Can't find ')' to match '('.
Step #1:     return Scaffold(
Step #1:                    ^
Step #1: lib/widgets/booth_finder_card.dart:167:19:
Step #1: Error: 'booth' isn't an instance field of this class.
Step #1:     required this.booth,
Step #1:                   ^^^^^
Step #1: lib/widgets/booth_finder_card.dart:168:19:
Step #1: Error: 'facilities' isn't an instance field of this class.
Step #1:     required this.facilities,
Step #1:                   ^^^^^^^^^^
Step #1: lib/screens/chat_screen.dart:180:62:
Step #1: Error: The getter 'selectedLang' isn't defined for the type '_ChatScreenState'.
Step #1:  - '_ChatScreenState' is from 'package:frontend/screens/chat_screen.dart' ('lib/screens/chat_screen.dart').
Step #1:           if (messages.isEmpty) _buildWelcomeBanner(context, selectedLang),
Step #1:                                                              ^^^^^^^^^^^^
Step #1: lib/widgets/booth_finder_card.dart:210:55:
Step #1: Error: The getter 'booth' isn't defined for the type '_BoothResult'.
Step #1:  - '_BoothResult' is from 'package:frontend/widgets/booth_finder_card.dart' ('lib/widgets/booth_finder_card.dart').
Step #1:                         infoWindow: InfoWindow(title: booth.name),
Step #1:                                                       ^^^^^
Step #1: lib/widgets/booth_finder_card.dart:264:36:
Step #1: Error: The getter 'booth' isn't defined for the type '_BoothResult'.
Step #1:  - '_BoothResult' is from 'package:frontend/widgets/booth_finder_card.dart' ('lib/widgets/booth_finder_card.dart').
Step #1:                 _QueueBadge(level: booth.queueLevel, status: booth.queueStatus, ref: ref),
Step #1:                                    ^^^^^
Step #1: lib/widgets/booth_finder_card.dart:264:62:
Step #1: Error: The getter 'booth' isn't defined for the type '_BoothResult'.
Step #1:  - '_BoothResult' is from 'package:frontend/widgets/booth_finder_card.dart' ('lib/widgets/booth_finder_card.dart').
Step #1:                 _QueueBadge(level: booth.queueLevel, status: booth.queueStatus, ref: ref),
Step #1:                                                              ^^^^^
Step #1: lib/widgets/booth_finder_card.dart:275:19:
Step #1: Error: The getter 'booth' isn't defined for the type '_BoothResult'.
Step #1:  - '_BoothResult' is from 'package:frontend/widgets/booth_finder_card.dart' ('lib/widgets/booth_finder_card.dart').
Step #1:                   booth.boothNumber,
Step #1:                   ^^^^^
Step #1: lib/widgets/booth_finder_card.dart:284:19:
Step #1: Error: The getter 'booth' isn't defined for the type '_BoothResult'.
Step #1:  - '_BoothResult' is from 'package:frontend/widgets/booth_finder_card.dart' ('lib/widgets/booth_finder_card.dart').
Step #1:                   booth.name,
Step #1:                   ^^^^^
Step #1: lib/widgets/booth_finder_card.dart:302:25:
Step #1: Error: The getter 'booth' isn't defined for the type '_BoothResult'.
Step #1:  - '_BoothResult' is from 'package:frontend/widgets/booth_finder_card.dart' ('lib/widgets/booth_finder_card.dart').
Step #1:                         booth.address,
Step #1:                         ^^^^^
Step #1: lib/widgets/booth_finder_card.dart:328:23:
Step #1: Error: The getter 'booth' isn't defined for the type '_BoothResult'.
Step #1:  - '_BoothResult' is from 'package:frontend/widgets/booth_finder_card.dart' ('lib/widgets/booth_finder_card.dart').
Step #1:                       booth.queueStatus,
Step #1:                       ^^^^^
Step #1: lib/widgets/booth_finder_card.dart:340:28:
Step #1: Error: The getter 'booth' isn't defined for the type '_BoothResult'.
Step #1:  - '_BoothResult' is from 'package:frontend/widgets/booth_finder_card.dart' ('lib/widgets/booth_finder_card.dart').
Step #1:                     value: booth.queueLevel,
Step #1:                            ^^^^^
Step #1: lib/widgets/booth_finder_card.dart:360:29:
Step #1: Error: The getter 'facilities' isn't defined for the type '_BoothResult'.
Step #1:  - '_BoothResult' is from 'package:frontend/widgets/booth_finder_card.dart' ('lib/widgets/booth_finder_card.dart').
Step #1:                   children: facilities
Step #1:                             ^^^^^^^^^^
Step #1: lib/widgets/booth_finder_card.dart:409:32:
Step #1: Error: The getter 'booth' isn't defined for the type '_BoothResult'.
Step #1:  - '_BoothResult' is from 'package:frontend/widgets/booth_finder_card.dart' ('lib/widgets/booth_finder_card.dart').
Step #1:                         value: booth.blo,
Step #1:                                ^^^^^
Step #1: lib/widgets/booth_finder_card.dart:417:32:
Step #1: Error: The getter 'booth' isn't defined for the type '_BoothResult'.
Step #1:  - '_BoothResult' is from 'package:frontend/widgets/booth_finder_card.dart' ('lib/widgets/booth_finder_card.dart').
Step #1:                         value: booth.helpline,
Step #1:                                ^^^^^
Step #1: Error: Compilation failed.
Step #1:   Command: /sdks/flutter/bin/cache/dart-sdk/bin/dart compile js --platform-binaries=/sdks/flutter/bin/cache/flutter_web_sdk/kernel --invoker=flutter_tool -Ddart.vm.product=true -DFLUTTER_VERSION=3.41.8 -DFLUTTER_CHANNEL=[user-branch] -DFLUTTER_GIT_URL=unknown source -DFLUTTER_FRAMEWORK_REVISION=02085feb3f -DFLUTTER_ENGINE_REVISION=59aa584fdf -DFLUTTER_DART_VERSION=3.11.5 -DFLUTTER_WEB_USE_SKIA=true -DFLUTTER_WEB_USE_SKWASM=false -DFLUTTER_WEB_CANVASKIT_URL=https://www.gstatic.com/flutter-canvaskit/59aa584fdf100e6c78c785d8a5b565d1de4b48ab/ --native-null-assertions --no-source-maps -O4 --minify -o /workspace/frontend/.dart_tool/flutter_build/9ae17fd0acda44eedc9b092f365d6179/app.dill --packages=/workspace/frontend/.dart_tool/package_config.json --cfe-only /workspace/frontend/.dart_tool/flutter_build/9ae17fd0acda44eedc9b092f365d6179/main.dart
Step #1: #0      RunResult.throwException (package:flutter_tools/src/base/process.dart:153:5)
Step #1: #1      _DefaultProcessUtils.run (package:flutter_tools/src/base/process.dart:379:19)
Step #1: <asynchronous suspension>
Step #1: #2      Dart2JSTarget.build (package:flutter_tools/src/build_system/targets/web.dart:208:5)
Step #1: <asynchronous suspension>
Step #1: #3      _BuildInstance._invokeInternal (package:flutter_tools/src/build_system/build_system.dart:937:9)
Step #1: <asynchronous suspension>
Step #1: #4      Future.wait.<anonymous closure> (dart:async/future.dart:546:21)
Step #1: <asynchronous suspension>
Step #1: #5      _BuildInstance.invokeTarget (package:flutter_tools/src/build_system/build_system.dart:875:32)
Step #1: <asynchronous suspension>
Step #1: #6      Future.wait.<anonymous closure> (dart:async/future.dart:546:21)
Step #1: <asynchronous suspension>
Step #1: #7      _BuildInstance.invokeTarget (package:flutter_tools/src/build_system/build_system.dart:875:32)
Step #1: <asynchronous suspension>
Step #1: #8      FlutterBuildSystem.build (package:flutter_tools/src/build_system/build_system.dart:684:16)
Step #1: <asynchronous suspension>
Step #1: #9      WebBuilder.buildWeb (package:flutter_tools/src/web/compile.dart:107:34)
Step #1: <asynchronous suspension>
Step #1: #10     BuildWebCommand.runCommand (package:flutter_tools/src/commands/build_web.dart:300:5)
Step #1: <asynchronous suspension>
Step #1: #11     FlutterCommand.run.<anonymous closure> (package:flutter_tools/src/runner/flutter_command.dart:1590:27)
Step #1: <asynchronous suspension>
Step #1: #12     AppContext.run.<anonymous closure> (package:flutter_tools/src/base/context.dart:154:19)
Step #1: <asynchronous suspension>
Step #1: #13     CommandRunner.runCommand (package:args/command_runner.dart:212:13)
Step #1: <asynchronous suspension>
Step #1: #14     FlutterCommandRunner.runCommand.<anonymous closure> (package:flutter_tools/src/runner/flutter_command_runner.dart:496:9)
Step #1: <asynchronous suspension>
Step #1: #15     AppContext.run.<anonymous closure> (package:flutter_tools/src/base/context.dart:154:19)
Step #1: <asynchronous suspension>
Step #1: #16     FlutterCommandRunner.runCommand (package:flutter_tools/src/runner/flutter_command_runner.dart:431:5)
Step #1: <asynchronous suspension>
Step #1: #17     FlutterCommandRunner.run.<anonymous closure> (package:flutter_tools/src/runner/flutter_command_runner.dart:307:33)
Step #1: <asynchronous suspension>
Step #1: #18     run.<anonymous closure>.<anonymous closure> (package:flutter_tools/runner.dart:104:11)
Step #1: <asynchronous suspension>
Step #1: #19     AppContext.run.<anonymous closure> (package:flutter_tools/src/base/context.dart:154:19)
Step #1: <asynchronous suspension>
Step #1: #20     main (package:flutter_tools/executable.dart:103:3)
Step #1: <asynchronous suspension>
Step #1:
Step #1: Compiling lib/main.dart for the Web...                             75.1s
Step #1: Error: Failed to compile application for the Web.
Finished Step #1
ERROR
ERROR: build step 1 "ghcr.io/cirruslabs/flutter:stable" failed: step exited with non-zero status: 1
--------------------------------------------------------------------------------
